<?xml version="1.0" encoding="UTF-8"?>
<!-- Generated by org.testng.reporters.JUnitReportReporter -->
<testsuite hostname="Khan" failures="0" tests="1" name="Test_Model.Page_Model_Signin_Test" time="1.661" errors="0" timestamp="2020-11-30T04:49:24 EST" skipped="0">
  <testcase classname="Test_Model.Page_Model_Signin_Test" name="OpenSignInPage" time="1.661"/>
  <system-out/>
</testsuite> <!-- Test_Model.Page_Model_Signin_Test -->
