<?xml version="1.0" encoding="UTF-8"?>
<!-- Generated by org.testng.reporters.JUnitReportReporter -->
<testsuite hostname="Khan" failures="0" tests="3" name="Sprint_01.Code_02" time="13.529" errors="0" timestamp="2020-12-06T17:09:39 EST" skipped="0">
  <testcase classname="Sprint_01.Code_02" name="getUrl" time="1.444"/>
  <system-out/>
  <testcase classname="Sprint_01.Code_02" name="fillInSignupForm1" time="5.915"/>
  <system-out/>
  <testcase classname="Sprint_01.Code_02" name="fillInSignupForm1" time="6.170"/>
  <system-out/>
</testsuite> <!-- Sprint_01.Code_02 -->
