<?xml version="1.0" encoding="UTF-8"?>
<!-- Generated by org.testng.reporters.JUnitReportReporter -->
<testsuite hostname="Khan" failures="0" tests="2" name="Test_Model.Page_Factory_Signup_Test" time="19.967" errors="0" timestamp="2021-04-28T03:50:48 EDT" skipped="0">
  <testcase classname="Test_Model.Page_Factory_Signup_Test" name="OpenSignUpPage" time="9.899"/>
  <system-out/>
  <testcase classname="Test_Model.Page_Factory_Signup_Test" name="OpenSignInPage" time="10.068"/>
  <system-out/>
</testsuite> <!-- Test_Model.Page_Factory_Signup_Test -->
