<?xml version="1.0" encoding="UTF-8"?>
<!-- Generated by org.testng.reporters.JUnitReportReporter -->
<testsuite hostname="Khan" failures="0" tests="2" name="Test_Model.Page_Model_SIGNUP_Test" time="11.833" errors="0" timestamp="2021-04-28T03:50:48 EDT" skipped="0">
  <testcase classname="Test_Model.Page_Model_SIGNUP_Test" name="OpenSignInPage" time="7.882"/>
  <system-out/>
  <testcase classname="Test_Model.Page_Model_SIGNUP_Test" name="OpenSignUpPage" time="3.951"/>
  <system-out/>
</testsuite> <!-- Test_Model.Page_Model_SIGNUP_Test -->
