<?xml version="1.0" encoding="UTF-8"?>
<!-- Generated by org.testng.reporters.JUnitReportReporter -->
<testsuite hostname="Khan" failures="0" tests="2" name="Test_Model.Page_Factory_Signup_Test" time="6.618" errors="0" timestamp="2020-12-05T00:38:27 EST" skipped="0">
  <testcase classname="Test_Model.Page_Factory_Signup_Test" name="OpenSignInPage" time="2.799"/>
  <system-out/>
  <testcase classname="Test_Model.Page_Factory_Signup_Test" name="OpenSignUpPage" time="3.819"/>
  <system-out/>
</testsuite> <!-- Test_Model.Page_Factory_Signup_Test -->
