<?xml version="1.0" encoding="UTF-8"?>
<!-- Generated by org.testng.reporters.JUnitReportReporter -->
<testsuite hostname="Khan" failures="0" tests="2" name="Parameter.DataProvider" time="7.647" errors="0" timestamp="2021-03-13T13:00:27 EST" skipped="0">
  <testcase classname="Parameter.DataProvider" name="testParameterWithXML" time="3.448"/>
  <system-out/>
  <testcase classname="Parameter.DataProvider" name="testNoParameter" time="4.199"/>
  <system-out/>
</testsuite> <!-- Parameter.DataProvider -->
