<?xml version="1.0" encoding="UTF-8"?>
<!-- Generated by org.testng.reporters.JUnitReportReporter -->
<testsuite hostname="Khan" failures="0" tests="1" name="Test_Model.Page_Factory_Signin_Test" time="3.774" errors="0" timestamp="2020-12-05T03:58:52 EST" skipped="0">
  <testcase classname="Test_Model.Page_Factory_Signin_Test" name="OpenSignInPage" time="3.774"/>
  <system-out/>
</testsuite> <!-- Test_Model.Page_Factory_Signin_Test -->
