<?xml version="1.0" encoding="UTF-8"?>
<!-- Generated by org.testng.reporters.JUnitReportReporter -->
<testsuite hostname="Khan" failures="0" tests="1" name="Page_Model.Page_Facetory_Signin_Test" time="1.800" errors="0" timestamp="2020-11-28T16:09:23 EST" skipped="0">
  <testcase classname="Page_Model.Page_Facetory_Signin_Test" name="OpenSignInPage" time="1.800"/>
  <system-out/>
</testsuite> <!-- Page_Model.Page_Facetory_Signin_Test -->
