<?xml version="1.0" encoding="UTF-8"?>
<!-- Generated by org.testng.reporters.JUnitReportReporter -->
<testsuite hostname="Khan" failures="0" tests="2" name="Test_Model.Page_Model_SIGNUP_Test" time="8.128" errors="0" timestamp="2020-11-30T04:49:24 EST" skipped="0">
  <testcase classname="Test_Model.Page_Model_SIGNUP_Test" name="OpenSignInPage" time="3.693"/>
  <system-out/>
  <testcase classname="Test_Model.Page_Model_SIGNUP_Test" name="OpenSignUpPage" time="4.435"/>
  <system-out/>
</testsuite> <!-- Test_Model.Page_Model_SIGNUP_Test -->
