<?xml version="1.0" encoding="UTF-8"?>
<!-- Generated by org.testng.reporters.JUnitReportReporter -->
<testsuite hostname="Khan" failures="0" tests="1" name="Test_Model.Page_Factory_Signin_Test" time="6.078" errors="0" timestamp="2021-04-28T03:50:48 EDT" skipped="0">
  <testcase classname="Test_Model.Page_Factory_Signin_Test" name="OpenSignInPage" time="6.078"/>
  <system-out/>
</testsuite> <!-- Test_Model.Page_Factory_Signin_Test -->
