<?xml version="1.0" encoding="UTF-8"?>
<!-- Generated by org.testng.reporters.JUnitReportReporter -->
<testsuite hostname="Khan" failures="0" tests="5" name="Sprint_01.Code_01" time="6.241" errors="0" timestamp="2020-11-08T15:14:47 EST" skipped="0">
  <testcase classname="Sprint_01.Code_01" name="verifyHomepageTitle" time="0.016"/>
  <system-out/>
  <testcase classname="Sprint_01.Code_01" name="getUrl" time="5.199"/>
  <system-out/>
  <testcase classname="Sprint_01.Code_01" name="verifySigninPage" time="0.957"/>
  <system-out/>
  <testcase classname="Sprint_01.Code_01" name="verifySignupForm" time="0.038"/>
  <system-out/>
  <testcase classname="Sprint_01.Code_01" name="verifyAuthentificForm" time="0.031"/>
  <system-out/>
</testsuite> <!-- Sprint_01.Code_01 -->
