<?xml version="1.0" encoding="UTF-8"?>
<!-- Generated by org.testng.reporters.JUnitReportReporter -->
<testsuite hostname="Khan" failures="0" tests="1" name="Test_Cases.Page_Factory_Sign_in_automation_practice" time="1.076" errors="0" timestamp="2020-12-24T13:56:02 EST" skipped="0">
  <testcase classname="Test_Cases.Page_Factory_Sign_in_automation_practice" name="Checktitle" time="1.076"/>
  <system-out/>
</testsuite> <!-- Test_Cases.Page_Factory_Sign_in_automation_practice -->
