<?xml version="1.0" encoding="UTF-8"?>
<!-- Generated by org.testng.reporters.JUnitReportReporter -->
<testsuite hostname="Khan" failures="0" tests="5" name="Groups.Groups2" time="3.038" errors="0" timestamp="2021-01-02T11:45:58 EST" skipped="0">
  <testcase classname="Groups.Groups2" name="getUrl" time="1.458"/>
  <system-out/>
  <testcase classname="Groups.Groups2" name="verifyHomepageTitle" time="0.008"/>
  <system-out/>
  <testcase classname="Groups.Groups2" name="verifySigninPage" time="1.445"/>
  <system-out/>
  <testcase classname="Groups.Groups2" name="verifySignupForm" time="0.102"/>
  <system-out/>
  <testcase classname="Groups.Groups2" name="verifyAuthentificForm" time="0.025"/>
  <system-out/>
</testsuite> <!-- Groups.Groups2 -->
