<?xml version="1.0" encoding="UTF-8"?>
<!-- Generated by org.testng.reporters.JUnitReportReporter -->
<testsuite hostname="Khan" failures="0" tests="2" name="Test_Cases.Page_Factory_Sign_up_automation_practice" time="5.973" errors="0" timestamp="2020-12-24T13:56:02 EST" skipped="0">
  <testcase classname="Test_Cases.Page_Factory_Sign_up_automation_practice" name="Checktitle" time="0.919"/>
  <system-out/>
  <testcase classname="Test_Cases.Page_Factory_Sign_up_automation_practice" name="Signup" time="5.054"/>
  <system-out/>
</testsuite> <!-- Test_Cases.Page_Factory_Sign_up_automation_practice -->
